<?xml version="1.0" encoding="UTF-8"?>
<!-- Generated by org.testng.reporters.JUnitXMLReporter -->
<testsuite hostname="LAPTOP-P2RI77UJ" ignored="3" name="Testss" tests="1" failures="0" timestamp="28 Oct 2020 07:24:34 GMT" time="0.016" errors="0">
  <testcase name="testDemo2" time="0.012" classname="demo.Test3"/>
  <testcase name="testDemo6" time="0.0" classname="demo.Test4">
    <ignored/>
  </testcase> <!-- testDemo6 -->
  <testcase name="testDemo7" time="0.0" classname="demo.Test4">
    <ignored/>
  </testcase> <!-- testDemo7 -->
  <testcase name="testDemo5" time="0.0" classname="demo.Test4">
    <ignored/>
  </testcase> <!-- testDemo5 -->
</testsuite> <!-- Testss -->
